<?xml version="1.0" encoding="UTF-8"?>
<testsuite name="com.home.assistant.RestServiceApplicationTests" tests="1" skipped="0" failures="0" errors="0" timestamp="2025-05-17T13:34:44" hostname="LM2L3K545M" time="0.471">
  <properties/>
  <testcase name="contextLoads()" classname="com.home.assistant.RestServiceApplicationTests" time="0.471"/>
  <system-out><![CDATA[15:34:43.847 [Test worker] INFO org.springframework.test.context.support.AnnotationConfigContextLoaderUtils -- Could not detect default configuration classes for test class [com.home.assistant.RestServiceApplicationTests]: RestServiceApplicationTests does not declare any static, non-private, non-final, nested classes annotated with @Configuration.
15:34:43.891 [Test worker] INFO org.springframework.boot.test.context.SpringBootTestContextBootstrapper -- Found @SpringBootConfiguration com.home.assistant.DigitalAssistantApplication for test class com.home.assistant.RestServiceApplicationTests
  .   ____          _            __ _ _
 /\\ / ___'_ __ _ _(_)_ __  __ _ \ \ \ \
( ( )\___ | '_ | '_| | '_ \/ _` | \ \ \ \
 \\/  ___)| |_)| | | | | || (_| |  ) ) ) )
  '  |____| .__|_| |_|_| |_\__, | / / / /
 =========|_|==============|___/=/_/_/_/

 :: Spring Boot ::                (v3.3.0)

2025-05-17T15:34:44.046+02:00  INFO 34570 --- [    Test worker] c.h.a.RestServiceApplicationTests        : Starting RestServiceApplicationTests using Java 21.0.7 with PID 34570 (started by I504380 in /Users/I504380/Work/java/gs-rest-service/initial)
2025-05-17T15:34:44.047+02:00  INFO 34570 --- [    Test worker] c.h.a.RestServiceApplicationTests        : No active profile set, falling back to 1 default profile: "default"
2025-05-17T15:34:44.297+02:00  INFO 34570 --- [    Test worker] .s.d.r.c.RepositoryConfigurationDelegate : Multiple Spring Data modules found, entering strict repository configuration mode
2025-05-17T15:34:44.298+02:00  INFO 34570 --- [    Test worker] .s.d.r.c.RepositoryConfigurationDelegate : Bootstrapping Spring Data Redis repositories in DEFAULT mode.
2025-05-17T15:34:44.311+02:00  INFO 34570 --- [    Test worker] .s.d.r.c.RepositoryConfigurationDelegate : Finished Spring Data repository scanning in 6 ms. Found 0 Redis repository interfaces.
2025-05-17T15:34:44.418+02:00  INFO 34570 --- [    Test worker] c.h.assistant.config.RepositoryConfig    : Using InMemory store since Redis is not configured
2025-05-17T15:34:44.805+02:00  INFO 34570 --- [    Test worker] c.h.a.RestServiceApplicationTests        : Started RestServiceApplicationTests in 0.856 seconds (process running for 1.386)
]]></system-out>
  <system-err><![CDATA[WARNING: A Java agent has been loaded dynamically (/Users/I504380/.gradle/caches/modules-2/files-2.1/net.bytebuddy/byte-buddy-agent/1.14.16/4a451ee6484abac3a498df0f3b33ed00a6fced4d/byte-buddy-agent-1.14.16.jar)
WARNING: If a serviceability tool is in use, please run with -XX:+EnableDynamicAgentLoading to hide this warning
WARNING: If a serviceability tool is not in use, please run with -Djdk.instrument.traceUsage for more information
WARNING: Dynamic loading of agents will be disallowed by default in a future release
]]></system-err>
</testsuite>
